<?xml version="1.0" encoding="UTF-8"?>
<!-- Generated by org.testng.reporters.JUnitXMLReporter -->
<testsuite ignored="0" hostname="DESKTOP-U5HF47H" failures="1" tests="1" name="Test" time="22.162" errors="0" timestamp="28 May 2019 10:04:56 GMT">
  <testcase classname="com.inetbanking.testCases.TC_EditCustomer_003" name="editCustomer" time="8.096">
    <failure type="java.lang.AssertionError">
      <![CDATA[java.lang.AssertionError
at org.junit.Assert.fail(Assert.java:86)
at org.junit.Assert.assertTrue(Assert.java:41)
at org.junit.Assert.assertTrue(Assert.java:52)
at com.inetbanking.testCases.TC_EditCustomer_003.editCustomer(TC_EditCustomer_003.java:67)
... Removed 25 stack frames]]>
    </failure>
  </testcase> <!-- editCustomer -->
</testsuite> <!-- Test -->
